[0.010s] Invoking command in '/home/malacoda/ros2_ws/build/cpp_pubsub': AMENT_PREFIX_PATH=/home/malacoda/ros2_ws/install/tutorial_interfaces:${AMENT_PREFIX_PATH} CMAKE_PREFIX_PATH=/home/malacoda/ros2_ws/install/tutorial_interfaces:/opt/ros/foxy LD_LIBRARY_PATH=/home/malacoda/ros2_ws/install/tutorial_interfaces/lib:${LD_LIBRARY_PATH} PYTHONPATH=/home/malacoda/ros2_ws/install/tutorial_interfaces/lib/python3.8/site-packages:${PYTHONPATH} /usr/bin/cmake --build /home/malacoda/ros2_ws/build/cpp_pubsub -- -j32 -l32
[0.034s] -- Found ament_cmake: 0.9.11 (/opt/ros/foxy/share/ament_cmake/cmake)
[0.053s] -- Using PYTHON_EXECUTABLE: /usr/bin/python3
[0.161s] -- Found rclcpp: 2.4.2 (/opt/ros/foxy/share/rclcpp/cmake)
[0.182s] -- Using all available rosidl_typesupport_c: rosidl_typesupport_fastrtps_c;rosidl_typesupport_introspection_c
[0.184s] -- Found rosidl_adapter: 1.3.0 (/opt/ros/foxy/share/rosidl_adapter/cmake)
[0.284s] -- Using all available rosidl_typesupport_cpp: rosidl_typesupport_fastrtps_cpp;rosidl_typesupport_introspection_cpp
[0.312s] -- Found rmw_implementation_cmake: 1.0.3 (/opt/ros/foxy/share/rmw_implementation_cmake/cmake)
[0.313s] -- Using RMW implementation 'rmw_fastrtps_cpp' as default
[0.397s] -- Found tutorial_interfaces: 0.0.0 (/home/malacoda/ros2_ws/install/tutorial_interfaces/share/tutorial_interfaces/cmake)
[0.497s] -- Configuring done
[0.507s] -- Generating done
[0.508s] -- Build files have been written to: /home/malacoda/ros2_ws/build/cpp_pubsub
[0.532s] [35m[1mScanning dependencies of target talker[0m
[0.532s] [35m[1mScanning dependencies of target listener[0m
[0.554s] [ 50%] [32mBuilding CXX object CMakeFiles/listener.dir/src/subscriber_member_function.cpp.o[0m
[0.555s] [ 50%] [32mBuilding CXX object CMakeFiles/talker.dir/src/publisher_member_function.cpp.o[0m
[1.306s] [01m[K/home/malacoda/ros2_ws/src/cpp_pubsub/src/publisher_member_function.cpp:46:21:[m[K [01;31m[Kerror: [m[Kâ€˜[01m[Ktutorial_interfaces[m[Kâ€™ was not declared in this scope; did you mean â€˜[01m[Krcl_interfaces[m[Kâ€™?
[1.306s]    46 |   rclcpp::Publisher<[01;31m[Ktutorial_interfaces[m[K::msg::Num>::SharedPtr publisher_;
[1.306s]       |                     [01;31m[K^~~~~~~~~~~~~~~~~~~[m[K
[1.306s]       |                     [32m[Krcl_interfaces[m[K
[1.306s] [01m[K/home/malacoda/ros2_ws/src/cpp_pubsub/src/publisher_member_function.cpp:46:50:[m[K [01;31m[Kerror: [m[Ktemplate argument 1 is invalid
[1.306s]    46 |   rclcpp::Publisher<tutorial_interfaces::msg::Num[01;31m[K>[m[K::SharedPtr publisher_;
[1.307s]       |                                                  [01;31m[K^[m[K
[1.307s] [01m[K/home/malacoda/ros2_ws/src/cpp_pubsub/src/publisher_member_function.cpp:46:53:[m[K [01;31m[Kerror: [m[Kexpected â€˜[01m[K;[m[Kâ€™ at end of member declaration
[1.307s]    46 |   rclcpp::Publisher<tutorial_interfaces::msg::Num>::[01;31m[KSharedPtr[m[K publisher_;
[1.307s]       |                                                     [01;31m[K^~~~~~~~~[m[K
[1.307s]       |                                                              [32m[K;[m[K
[1.307s] [01m[K/home/malacoda/ros2_ws/src/cpp_pubsub/src/publisher_member_function.cpp:46:63:[m[K [01;31m[Kerror: [m[Kâ€˜[01m[Kpublisher_[m[Kâ€™ does not name a type; did you mean â€˜[01m[Krcl_publisher_t[m[Kâ€™?
[1.307s]    46 |   rclcpp::Publisher<tutorial_interfaces::msg::Num>::SharedPtr [01;31m[Kpublisher_[m[K;
[1.307s]       |                                                               [01;31m[K^~~~~~~~~~[m[K
[1.307s]       |                                                               [32m[Krcl_publisher_t[m[K
[1.309s] [01m[K/home/malacoda/ros2_ws/src/cpp_pubsub/src/publisher_member_function.cpp:[m[K In constructor â€˜[01m[KMinimalPublisher::MinimalPublisher()[m[Kâ€™:
[1.309s] [01m[K/home/malacoda/ros2_ws/src/cpp_pubsub/src/publisher_member_function.cpp:32:5:[m[K [01;31m[Kerror: [m[Kâ€˜[01m[Kpublisher_[m[Kâ€™ was not declared in this scope; did you mean â€˜[01m[Krcl_publisher_t[m[Kâ€™?
[1.309s]    32 |     [01;31m[Kpublisher_[m[K = this->create_publisher<std_msgs::msg::String>("topic", 10);
[1.309s]       |     [01;31m[K^~~~~~~~~~[m[K
[1.309s]       |     [32m[Krcl_publisher_t[m[K
[1.318s] [01m[K/home/malacoda/ros2_ws/src/cpp_pubsub/src/publisher_member_function.cpp:[m[K In member function â€˜[01m[Kvoid MinimalPublisher::timer_callback()[m[Kâ€™:
[1.318s] [01m[K/home/malacoda/ros2_ws/src/cpp_pubsub/src/publisher_member_function.cpp:40:35:[m[K [01;31m[Kerror: [m[Kâ€˜[01m[KNum[m[Kâ€™ is not a member of â€˜[01m[Kstd_msgs::msg[m[Kâ€™
[1.318s]    40 |     auto message = std_msgs::msg::[01;31m[KNum[m[K();
[1.318s]       |                                   [01;31m[K^~~[m[K
[1.319s] [01m[K/home/malacoda/ros2_ws/src/cpp_pubsub/src/publisher_member_function.cpp:43:5:[m[K [01;31m[Kerror: [m[Kâ€˜[01m[Kpublisher_[m[Kâ€™ was not declared in this scope; did you mean â€˜[01m[Krcl_publisher_t[m[Kâ€™?
[1.319s]    43 |     [01;31m[Kpublisher_[m[K->publish(message);
[1.319s]       |     [01;31m[K^~~~~~~~~~[m[K
[1.319s]       |     [32m[Krcl_publisher_t[m[K
[1.883s] make[2]: *** [CMakeFiles/talker.dir/build.make:63: CMakeFiles/talker.dir/src/publisher_member_function.cpp.o] Error 1
[1.883s] make[1]: *** [CMakeFiles/Makefile2:107: CMakeFiles/talker.dir/all] Error 2
[1.883s] make[1]: *** Waiting for unfinished jobs....
[3.424s] [ 75%] [32m[1mLinking CXX executable listener[0m
[3.550s] [ 75%] Built target listener
[3.551s] make: *** [Makefile:141: all] Error 2
[3.553s] Invoked command in '/home/malacoda/ros2_ws/build/cpp_pubsub' returned '2': AMENT_PREFIX_PATH=/home/malacoda/ros2_ws/install/tutorial_interfaces:${AMENT_PREFIX_PATH} CMAKE_PREFIX_PATH=/home/malacoda/ros2_ws/install/tutorial_interfaces:/opt/ros/foxy LD_LIBRARY_PATH=/home/malacoda/ros2_ws/install/tutorial_interfaces/lib:${LD_LIBRARY_PATH} PYTHONPATH=/home/malacoda/ros2_ws/install/tutorial_interfaces/lib/python3.8/site-packages:${PYTHONPATH} /usr/bin/cmake --build /home/malacoda/ros2_ws/build/cpp_pubsub -- -j32 -l32
